d:\projectscpp\openglapp\gui\debug\vc142.pdb
d:\projectscpp\openglapp\gui\debug\vc142.idb
d:\projectscpp\openglapp\gui\debug\topmenugui.obj
d:\projectscpp\openglapp\gui\debug\imgui_widgets.obj
d:\projectscpp\openglapp\gui\debug\imgui_impl_opengl3.obj
d:\projectscpp\openglapp\gui\debug\imgui_impl_glfw.obj
d:\projectscpp\openglapp\gui\debug\imgui_draw.obj
d:\projectscpp\openglapp\gui\debug\imgui_demo.obj
d:\projectscpp\openglapp\gui\debug\imgui.obj
d:\projectscpp\openglapp\gui\debug\guiwindow.obj
d:\projectscpp\openglapp\gui\debug\guimain.obj
d:\projectscpp\openglapp\gui\debug\gamewindow.obj
d:\projectscpp\openglapp\debug\gui.ilk
d:\projectscpp\openglapp\debug\gui.exe
d:\projectscpp\openglapp\debug\gui.pdb
d:\projectscpp\openglapp\gui\debug\gui.tlog\cl.command.1.tlog
d:\projectscpp\openglapp\gui\debug\gui.tlog\cl.read.1.tlog
d:\projectscpp\openglapp\gui\debug\gui.tlog\cl.write.1.tlog
d:\projectscpp\openglapp\gui\debug\gui.tlog\link.command.1.tlog
d:\projectscpp\openglapp\gui\debug\gui.tlog\link.read.1.tlog
d:\projectscpp\openglapp\gui\debug\gui.tlog\link.write.1.tlog
